[2025-02-16 10:39:11] Starting MPI tests...
[2025-02-16 10:39:11] Running MPI on D6-6...
[2025-02-16 11:30:47] Starting MPI tests...
[2025-02-16 11:30:48] Running MPI on D6-6...
[2025-02-16 11:30:53] Completed MPI on D6-6...
[2025-02-16 11:30:53] Running MPI on dictionary28...
[2025-02-16 11:30:58] Completed MPI on dictionary28...
[2025-02-16 11:30:58] Running MPI on Ga3As3H12...
[2025-02-16 11:31:04] Completed MPI on Ga3As3H12...
[2025-02-16 11:31:04] Running MPI on bfly...
[2025-02-16 11:31:09] Completed MPI on bfly...
[2025-02-16 11:31:09] Running MPI on pkustk14...
[2025-02-16 11:31:16] Completed MPI on pkustk14...
[2025-02-16 11:31:16] Running MPI on roadNet-CA...
[2025-02-16 11:31:23] Completed MPI on roadNet-CA...
[2025-02-16 11:31:23] MPI tests finished.
[2025-02-16 11:31:23] Starting OpenMP tests...
[2025-02-16 11:31:23] Running OpenMP on D6-6...
[2025-02-16 11:31:24] Completed OpenMP on D6-6...
[2025-02-16 11:31:24] Running OpenMP on dictionary28...
[2025-02-16 11:31:24] Completed OpenMP on dictionary28...
[2025-02-16 11:31:24] Running OpenMP on Ga3As3H12...
[2025-02-16 11:31:25] Completed OpenMP on Ga3As3H12...
[2025-02-16 11:31:25] Running OpenMP on bfly...
[2025-02-16 11:31:25] Completed OpenMP on bfly...
[2025-02-16 11:31:25] Running OpenMP on pkustk14...
[2025-02-16 11:31:25] Completed OpenMP on pkustk14...
[2025-02-16 11:31:25] Running OpenMP on roadNet-CA...
[2025-02-16 11:31:26] Completed OpenMP on roadNet-CA...
[2025-02-16 11:31:26] OpenMP tests finished.
[2025-02-16 11:31:26] Starting Hybrid tests (N8 n8)...
[2025-02-16 11:31:26] Running Hybrid (N8 n8) on D6-6...
[2025-02-16 12:29:05] Starting MPI tests...
[2025-02-16 12:29:05] Running MPI on D6-6...
[2025-02-16 12:29:10] Completed MPI on D6-6...
[2025-02-16 12:29:10] Running MPI on dictionary28...
[2025-02-16 12:29:15] Completed MPI on dictionary28...
[2025-02-16 12:29:15] Running MPI on Ga3As3H12...
[2025-02-16 12:29:22] Completed MPI on Ga3As3H12...
[2025-02-16 12:29:22] Running MPI on bfly...
[2025-02-16 12:29:28] Completed MPI on bfly...
[2025-02-16 12:29:28] Running MPI on pkustk14...
[2025-02-16 12:29:34] Completed MPI on pkustk14...
[2025-02-16 12:29:34] Running MPI on roadNet-CA...
[2025-02-16 12:29:41] Completed MPI on roadNet-CA...
[2025-02-16 12:29:41] MPI tests finished.
[2025-02-16 12:29:41] Starting OpenMP tests...
[2025-02-16 12:29:41] Running OpenMP on D6-6...
[2025-02-16 12:29:42] Completed OpenMP on D6-6...
[2025-02-16 12:29:42] Running OpenMP on dictionary28...
[2025-02-16 12:29:42] Completed OpenMP on dictionary28...
[2025-02-16 12:29:42] Running OpenMP on Ga3As3H12...
[2025-02-16 12:29:43] Completed OpenMP on Ga3As3H12...
[2025-02-16 12:29:43] Running OpenMP on bfly...
[2025-02-16 12:29:43] Completed OpenMP on bfly...
[2025-02-16 12:29:43] Running OpenMP on pkustk14...
[2025-02-16 12:29:43] Completed OpenMP on pkustk14...
[2025-02-16 12:29:43] Running OpenMP on roadNet-CA...
[2025-02-16 12:29:44] Completed OpenMP on roadNet-CA...
[2025-02-16 12:29:44] OpenMP tests finished.
[2025-02-16 12:29:44] Starting Hybrid tests (N8 n8)...
[2025-02-16 12:29:44] Running Hybrid (N8 n8) on D6-6...
[2025-02-16 13:47:08] Starting MPI tests...
[2025-02-16 13:47:08] Running MPI on D6-6...
[2025-02-16 13:47:13] Completed MPI on D6-6...
[2025-02-16 13:47:13] Running MPI on dictionary28...
[2025-02-16 13:47:18] Completed MPI on dictionary28...
[2025-02-16 13:47:18] Running MPI on Ga3As3H12...
[2025-02-16 13:47:25] Completed MPI on Ga3As3H12...
[2025-02-16 13:47:25] Running MPI on bfly...
[2025-02-16 13:47:30] Completed MPI on bfly...
[2025-02-16 13:47:30] Running MPI on pkustk14...
[2025-02-16 13:47:37] Completed MPI on pkustk14...
[2025-02-16 13:47:37] Running MPI on roadNet-CA...
[2025-02-16 13:47:44] Completed MPI on roadNet-CA...
[2025-02-16 13:47:44] MPI tests finished.
[2025-02-16 13:47:44] Starting OpenMP tests...
[2025-02-16 13:47:44] Running OpenMP on D6-6...
[2025-02-16 13:47:45] Completed OpenMP on D6-6...
[2025-02-16 13:47:45] Running OpenMP on dictionary28...
[2025-02-16 13:47:45] Completed OpenMP on dictionary28...
[2025-02-16 13:47:45] Running OpenMP on Ga3As3H12...
[2025-02-16 13:47:46] Completed OpenMP on Ga3As3H12...
[2025-02-16 13:47:46] Running OpenMP on bfly...
[2025-02-16 13:47:46] Completed OpenMP on bfly...
[2025-02-16 13:47:46] Running OpenMP on pkustk14...
[2025-02-16 13:47:46] Completed OpenMP on pkustk14...
[2025-02-16 13:47:46] Running OpenMP on roadNet-CA...
[2025-02-16 13:47:46] Completed OpenMP on roadNet-CA...
[2025-02-16 13:47:46] OpenMP tests finished.
[2025-02-16 13:47:46] Starting Hybrid tests (N4 n8)...
[2025-02-16 13:47:46] Running Hybrid (N4 n8) on D6-6...
[2025-02-16 13:47:51] Completed Hybrid (N4 n8) on D6-6...
[2025-02-16 13:47:51] Running Hybrid (N4 n8) on dictionary28...
