Usage: mpirun -n <processes> ./spmv-mpi-cuda [my_matrix.mtx]
Note: my_matrix.mtx must be real-valued sparse matrix in the MatrixMarket file format.
Reading sparse matrix from file (comparison_matrices/pkustk14.mtx): done
[Rank 12] Using CUDA device 0 (of 1 available)
[Rank 10] Using CUDA device 0 (of 1 available)
[Rank 8] Using CUDA device 0 (of 1 available)
[Rank 13] Using CUDA device 0 (of 1 available)
[Rank 15] Using CUDA device 0 (of 1 available)
[Rank 14] Using CUDA device 0 (of 1 available)
[Rank 0] Using CUDA device 0 (of 1 available)
[Rank 1] Using CUDA device 0 (of 1 available)
[Rank 3] Using CUDA device 0 (of 1 available)
[Rank 4] Using CUDA device 0 (of 1 available)
[Rank 2] Using CUDA device 0 (of 1 available)
[Rank 7] Using CUDA device 0 (of 1 available)
[Rank 9] Using CUDA device 0 (of 1 available)
[Rank 11] Using CUDA device 0 (of 1 available)
[Rank 5] Using CUDA device 0 (of 1 available)
[Rank 6] Using CUDA device 0 (of 1 available)
[Rank 8] Processing nonzeros 7418256 to 8345537 (927282 elements)
[Rank 10] Processing nonzeros 9272820 to 10200101 (927282 elements)
[Rank 12] Processing nonzeros 11127384 to 12054665 (927282 elements)
[Rank 15] Processing nonzeros 13909230 to 14836503 (927274 elements)
[Rank 13] Processing nonzeros 12054666 to 12981947 (927282 elements)
[Rank 14] Processing nonzeros 12981948 to 13909229 (927282 elements)
[Rank 4] Processing nonzeros 3709128 to 4636409 (927282 elements)
[Rank 3] Processing nonzeros 2781846 to 3709127 (927282 elements)
[Rank 0] Processing nonzeros 0 to 927281 (927282 elements)
[Rank 1] Processing nonzeros 927282 to 1854563 (927282 elements)
[Rank 2] Processing nonzeros 1854564 to 2781845 (927282 elements)
[Rank 5] Processing nonzeros 4636410 to 5563691 (927282 elements)
[Rank 7] Processing nonzeros 6490974 to 7418255 (927282 elements)
[Rank 9] Processing nonzeros 8345538 to 9272819 (927282 elements)
[Rank 11] Processing nonzeros 10200102 to 11127383 (927282 elements)
[Rank 6] Processing nonzeros 5563692 to 6490973 (927282 elements)
y[0] = 1114.793335
y[1] = 795.502075
y[2] = 5701.437012
y[3] = 2378.789307
y[4] = 1155.478027
