Usage: mpirun -n <processes> ./spmv-mpi-cuda [my_matrix.mtx]
Note: my_matrix.mtx must be real-valued sparse matrix in the MatrixMarket file format.
Reading sparse matrix from file (comparison_matrices/pkustk14.mtx): done
[Rank 6] Using CUDA device 0 (of 1 available)
[Rank 4] Using CUDA device 0 (of 1 available)
[Rank 7] Using CUDA device 0 (of 1 available)
[Rank 2] Using CUDA device 0 (of 1 available)
[Rank 5] Using CUDA device 0 (of 1 available)
[Rank 0] Using CUDA device 0 (of 1 available)
[Rank 3] Using CUDA device 0 (of 1 available)
[Rank 1] Using CUDA device 0 (of 1 available)
[Rank 4] Processing nonzeros 7418252 to 9272814 (1854563 elements)
[Rank 6] Processing nonzeros 11127378 to 12981940 (1854563 elements)
[Rank 7] Processing nonzeros 12981941 to 14836503 (1854563 elements)
[Rank 2] Processing nonzeros 3709126 to 5563688 (1854563 elements)
[Rank 5] Processing nonzeros 9272815 to 11127377 (1854563 elements)
[Rank 1] Processing nonzeros 1854563 to 3709125 (1854563 elements)
[Rank 3] Processing nonzeros 5563689 to 7418251 (1854563 elements)
[Rank 0] Processing nonzeros 0 to 1854562 (1854563 elements)
y[0] = 1114.793335
y[1] = 795.502075
y[2] = 5701.435059
y[3] = 2378.789795
y[4] = 1155.478027
