Usage: mpirun -n <processes> ./spmv-mpi-cuda [my_matrix.mtx]
Note: my_matrix.mtx must be real-valued sparse matrix in the MatrixMarket file format.
Reading sparse matrix from file (comparison_matrices/roadNet-CA.mtx): done
[Rank 1] Using CUDA device 0 (of 1 available)
[Rank 2] Using CUDA device 0 (of 1 available)
[Rank 4] Using CUDA device 0 (of 1 available)
[Rank 0] Using CUDA device 0 (of 1 available)
[Rank 7] Using CUDA device 0 (of 1 available)
[Rank 6] Using CUDA device 0 (of 1 available)
[Rank 3] Using CUDA device 0 (of 1 available)
[Rank 5] Using CUDA device 0 (of 1 available)
[Rank 1] Processing nonzeros 691652 to 1383303 (691652 elements)
[Rank 4] Processing nonzeros 2766608 to 3458259 (691652 elements)
[Rank 2] Processing nonzeros 1383304 to 2074955 (691652 elements)
[Rank 7] Processing nonzeros 4841564 to 5533213 (691650 elements)
[Rank 0] Processing nonzeros 0 to 691651 (691652 elements)
[Rank 6] Processing nonzeros 4149912 to 4841563 (691652 elements)
[Rank 3] Processing nonzeros 2074956 to 2766607 (691652 elements)
[Rank 5] Processing nonzeros 3458260 to 4149911 (691652 elements)
y[0] = -125.894501
y[1] = 492.464172
y[2] = 248.781525
y[3] = -270.452484
y[4] = 178.395782
