Usage: mpirun -n <processes> ./spmv-mpi-cuda [my_matrix.mtx]
Note: my_matrix.mtx must be real-valued sparse matrix in the MatrixMarket file format.
Reading sparse matrix from file (comparison_matrices/dictionary28/dictionary28.mtx): done
[Rank 2] Using CUDA device 0 (of 1 available)
[Rank 7] Using CUDA device 0 (of 1 available)
[Rank 0] Using CUDA device 0 (of 1 available)
[Rank 6] Using CUDA device 0 (of 1 available)
[Rank 5] Using CUDA device 0 (of 1 available)
[Rank 3] Using CUDA device 0 (of 1 available)
[Rank 4] Using CUDA device 0 (of 1 available)
[Rank 1] Using CUDA device 0 (of 1 available)
[Rank 2] Processing nonzeros 44520 to 66779 (22260 elements)
[Rank 6] Processing nonzeros 133560 to 155819 (22260 elements)
[Rank 0] Processing nonzeros 0 to 22259 (22260 elements)
[Rank 7] Processing nonzeros 155820 to 178075 (22256 elements)
[Rank 5] Processing nonzeros 111300 to 133559 (22260 elements)
[Rank 1] Processing nonzeros 22260 to 44519 (22260 elements)
[Rank 3] Processing nonzeros 66780 to 89039 (22260 elements)
[Rank 4] Processing nonzeros 89040 to 111299 (22260 elements)
y[0] = 0.000000
y[1] = -5.927430
y[2] = -24.568300
y[3] = 0.000000
y[4] = 264.208466
