Usage: mpirun -n <processes> ./spmv-mpi-cuda [my_matrix.mtx]
Note: my_matrix.mtx must be real-valued sparse matrix in the MatrixMarket file format.
Reading sparse matrix from file (comparison_matrices/roadNet-CA.mtx): done
[Rank 14] Using CUDA device 0 (of 1 available)
[Rank 12] Using CUDA device 0 (of 1 available)
[Rank 8] Using CUDA device 0 (of 1 available)
[Rank 10] Using CUDA device 0 (of 1 available)
[Rank 2] Using CUDA device 0 (of 1 available)
[Rank 6] Using CUDA device 0 (of 1 available)
[Rank 4] Using CUDA device 0 (of 1 available)
[Rank 5] Using CUDA device 0 (of 1 available)
[Rank 9] Using CUDA device 0 (of 1 available)
[Rank 1] Using CUDA device 0 (of 1 available)
[Rank 15] Using CUDA device 0 (of 1 available)
[Rank 13] Using CUDA device 0 (of 1 available)
[Rank 0] Using CUDA device 0 (of 1 available)
[Rank 11] Using CUDA device 0 (of 1 available)
[Rank 3] Using CUDA device 0 (of 1 available)
[Rank 7] Using CUDA device 0 (of 1 available)
[Rank 4] Processing nonzeros 1383304 to 1729129 (345826 elements)
[Rank 6] Processing nonzeros 2074956 to 2420781 (345826 elements)
[Rank 2] Processing nonzeros 691652 to 1037477 (345826 elements)
[Rank 14] Processing nonzeros 4841564 to 5187389 (345826 elements)
[Rank 12] Processing nonzeros 4149912 to 4495737 (345826 elements)
[Rank 5] Processing nonzeros 1729130 to 2074955 (345826 elements)
[Rank 8] Processing nonzeros 2766608 to 3112433 (345826 elements)
[Rank 10] Processing nonzeros 3458260 to 3804085 (345826 elements)
[Rank 0] Processing nonzeros 0 to 345825 (345826 elements)
[Rank 1] Processing nonzeros 345826 to 691651 (345826 elements)
[Rank 3] Processing nonzeros 1037478 to 1383303 (345826 elements)
[Rank 7] Processing nonzeros 2420782 to 2766607 (345826 elements)
[Rank 9] Processing nonzeros 3112434 to 3458259 (345826 elements)
[Rank 15] Processing nonzeros 5187390 to 5533213 (345824 elements)
[Rank 13] Processing nonzeros 4495738 to 4841563 (345826 elements)
[Rank 11] Processing nonzeros 3804086 to 4149911 (345826 elements)
y[0] = -125.894501
y[1] = 492.464172
y[2] = 248.781525
y[3] = -270.452484
y[4] = 178.395782
