Usage: mpirun -n <processes> ./spmv-mpi-cuda [my_matrix.mtx]
Note: my_matrix.mtx must be real-valued sparse matrix in the MatrixMarket file format.
Reading sparse matrix from file (comparison_matrices/Ga3As3H12.mtx): done
[Rank 7] Using CUDA device 0 (of 1 available)
[Rank 1] Using CUDA device 0 (of 1 available)
[Rank 4] Using CUDA device 0 (of 1 available)
[Rank 5] Using CUDA device 0 (of 1 available)
[Rank 0] Using CUDA device 0 (of 1 available)
[Rank 2] Using CUDA device 0 (of 1 available)
[Rank 6] Using CUDA device 0 (of 1 available)
[Rank 3] Using CUDA device 0 (of 1 available)
[Rank 7] Processing nonzeros 5224583 to 5970946 (746364 elements)
[Rank 1] Processing nonzeros 746369 to 1492737 (746369 elements)
[Rank 4] Processing nonzeros 2985476 to 3731844 (746369 elements)
[Rank 5] Processing nonzeros 3731845 to 4478213 (746369 elements)
[Rank 0] Processing nonzeros 0 to 746368 (746369 elements)
[Rank 2] Processing nonzeros 1492738 to 2239106 (746369 elements)
[Rank 6] Processing nonzeros 4478214 to 5224582 (746369 elements)
[Rank 3] Processing nonzeros 2239107 to 2985475 (746369 elements)
y[0] = -910.257263
y[1] = 203.549713
y[2] = 2860.192383
y[3] = 996.333191
y[4] = -558.483704
